<?xml version="1.0" encoding="UTF-8"?>
<!-- Generated by org.testng.reporters.JUnitReportReporter -->
<testsuite hostname="MWP312" failures="0" tests="4" name="api.test.UserTests" time="8.187" errors="0" timestamp="2024-07-10T18:02:25 IST" skipped="0">
  <testcase classname="api.test.UserTests" name="testPostUser" time="3.035"/>
  <testcase classname="api.test.UserTests" name="testGetUserByName" time="1.290"/>
  <testcase classname="api.test.UserTests" name="testUpdateUserByName" time="2.532"/>
  <testcase classname="api.test.UserTests" name="testDeleteUserByName" time="1.330"/>
</testsuite> <!-- api.test.UserTests -->
