<?xml version="1.0" encoding="UTF-8"?>
<!-- Generated by org.testng.reporters.JUnitReportReporter -->
<testsuite hostname="MWP312" failures="0" tests="3" name="api.test.DDTests" time="0.013" errors="0" timestamp="2024-07-04T18:07:27 IST" skipped="0">
  <testcase classname="api.test.DDTests" name="testpostuser" time="0.001"/>
  <testcase classname="api.test.DDTests" name="testpostuser" time="0.011"/>
  <testcase classname="api.test.DDTests" name="testpostuser" time="0.001"/>
</testsuite> <!-- api.test.DDTests -->
