<?xml version="1.0" encoding="UTF-8"?>
<!-- Generated by org.testng.reporters.JUnitReportReporter -->
<testsuite hostname="MWP312" failures="0" tests="3" name="api.test.DDTests" time="0.046" errors="0" timestamp="2024-07-09T20:02:50 IST" skipped="0">
  <testcase classname="api.test.DDTests" name="testpostuser" time="0.041"/>
  <testcase classname="api.test.DDTests" name="testpostuser" time="0.002"/>
  <testcase classname="api.test.DDTests" name="testpostuser" time="0.003"/>
</testsuite> <!-- api.test.DDTests -->
