<?xml version="1.0" encoding="UTF-8"?>
<!-- Generated by org.testng.reporters.JUnitReportReporter -->
<testsuite hostname="MWP312" failures="0" tests="3" name="api.test.DDTests" time="0.029" errors="0" timestamp="2024-07-10T18:25:30 IST" skipped="0">
  <testcase classname="api.test.DDTests" name="testpostuser" time="0.002"/>
  <system-out/>
  <testcase classname="api.test.DDTests" name="testpostuser" time="0.025"/>
  <system-out/>
  <testcase classname="api.test.DDTests" name="testpostuser" time="0.002"/>
  <system-out/>
</testsuite> <!-- api.test.DDTests -->
