<?xml version="1.0" encoding="UTF-8"?>
<!-- Generated by org.testng.reporters.JUnitReportReporter -->
<testsuite hostname="MWP312" failures="0" tests="4" name="api.test.UserTests" time="9.463" errors="0" timestamp="2024-07-10T18:25:30 IST" skipped="0">
  <testcase classname="api.test.UserTests" name="testPostUser" time="3.263"/>
  <system-out/>
  <testcase classname="api.test.UserTests" name="testGetUserByName" time="1.603"/>
  <system-out/>
  <testcase classname="api.test.UserTests" name="testUpdateUserByName" time="3.061"/>
  <system-out/>
  <testcase classname="api.test.UserTests" name="testDeleteUserByName" time="1.536"/>
  <system-out/>
</testsuite> <!-- api.test.UserTests -->
